<?xml version="1.0" encoding="UTF-8"?>
<!-- Generated by org.testng.reporters.JUnitReportReporter -->
<testsuite hostname="RebekahB.local" name="samplePackage.UserRegistration" tests="1" failures="0" timestamp="14 Oct 2015 10:25:30 GMT" time="24.159" errors="0">
  <testcase name="test" time="24.159" classname="samplePackage.UserRegistration"/>
</testsuite> <!-- samplePackage.UserRegistration -->
