<?xml version="1.0" encoding="UTF-8"?>
<!-- Generated by org.testng.reporters.JUnitReportReporter -->
<testsuite hostname="RebekahB.local" name="samplePackage.AskSellerAQuestion" tests="1" failures="0" timestamp="14 Oct 2015 14:30:01 GMT" time="7.062" errors="0">
  <testcase name="test" time="7.062" classname="samplePackage.AskSellerAQuestion"/>
</testsuite> <!-- samplePackage.AskSellerAQuestion -->
