<?xml version="1.0" encoding="UTF-8"?>
<!-- Generated by org.testng.reporters.JUnitReportReporter -->
<testsuite hostname="RebekahB.local" name="samplePackage.AddItemToWeddingList" tests="1" failures="0" timestamp="14 Oct 2015 13:14:50 GMT" time="13.437" errors="0">
  <testcase name="test" time="13.437" classname="samplePackage.AddItemToWeddingList"/>
</testsuite> <!-- samplePackage.AddItemToWeddingList -->
