<?xml version="1.0" encoding="UTF-8"?>
<!-- Generated by org.testng.reporters.JUnitReportReporter -->
<testsuite hostname="RebekahB.local" name="samplePackage.AccessMyCalendar" tests="1" failures="0" timestamp="22 Oct 2015 10:31:27 GMT" time="12.941" errors="0">
  <testcase name="test" time="12.941" classname="samplePackage.AccessMyCalendar"/>
</testsuite> <!-- samplePackage.AccessMyCalendar -->
