<?xml version="1.0" encoding="UTF-8"?>
<!-- Generated by org.testng.reporters.JUnitReportReporter -->
<testsuite hostname="RebekahB.local" name="samplePackage.AddItemToWishList" tests="1" failures="0" timestamp="14 Oct 2015 13:32:18 GMT" time="14.462" errors="0">
  <testcase name="test" time="14.462" classname="samplePackage.AddItemToWishList"/>
</testsuite> <!-- samplePackage.AddItemToWishList -->
