<?xml version="1.0" encoding="UTF-8"?>
<!-- Generated by org.testng.reporters.JUnitReportReporter -->
<testsuite hostname="KEWI335.local" name="samplePackage.UserRegistration" tests="1" failures="0" timestamp="23 Sep 2015 14:09:22 GMT" time="23.368" errors="0">
  <testcase name="test" time="23.368" classname="samplePackage.UserRegistration"/>
</testsuite> <!-- samplePackage.UserRegistration -->
