<?xml version="1.0" encoding="UTF-8"?>
<!-- Generated by org.testng.reporters.JUnitReportReporter -->
<testsuite hostname="KEWI335.local" name="samplePackage.AccessMyOrders" tests="1" failures="0" timestamp="7 Oct 2015 14:06:40 GMT" time="17.477" errors="0">
  <testcase name="test" time="17.477" classname="samplePackage.AccessMyOrders"/>
</testsuite> <!-- samplePackage.AccessMyOrders -->
